-------------------------------------------------------------------------------
Test set: com.joseloya.torrexfitness.TorrexFitnessApplicationTests
-------------------------------------------------------------------------------
Tests run: 1, Failures: 0, Errors: 1, Skipped: 0, Time elapsed: 11.723 s <<< FAILURE! - in com.joseloya.torrexfitness.TorrexFitnessApplicationTests
contextLoads  Time elapsed: 0.007 s  <<< ERROR!
java.lang.IllegalStateException: Failed to load ApplicationContext
Caused by: org.springframework.beans.factory.BeanCreationException: 
Error creating bean with name 'requestMappingHandlerMapping' defined in class path resource [org/springframework/boot/autoconfigure/web/servlet/WebMvcAutoConfiguration$EnableWebMvcConfiguration.class]: Invocation of init method failed; nested exception is java.lang.IllegalStateException: Ambiguous mapping. Cannot map 'torrexFitnessController' method 
com.joseloya.torrexfitness.controller.TorrexFitnessController#viewSignIn()
to {POST [/home]}: There is already 'torrexFitnessController' bean method
com.joseloya.torrexfitness.controller.TorrexFitnessController#viewHomePage() mapped.
Caused by: java.lang.IllegalStateException: 
Ambiguous mapping. Cannot map 'torrexFitnessController' method 
com.joseloya.torrexfitness.controller.TorrexFitnessController#viewSignIn()
to {POST [/home]}: There is already 'torrexFitnessController' bean method
com.joseloya.torrexfitness.controller.TorrexFitnessController#viewHomePage() mapped.

